2025-04-08 23:17:51.252848 - Received CBT.V508.FILE1036.PDS from FILE1036.XMI 
2025-04-08 23:17:51.254772 - Found $$$#DATE.txt (text/plain) in CBT.V508.FILE1036.PDS, moved to PDS/$$$#DATE
2025-04-08 23:17:51.255425 - Found $PDSLOAD.jcl (text/plain) in CBT.V508.FILE1036.PDS, moved to PDS/$PDSLOAD
2025-04-08 23:17:51.256739 - Found #APPLPGD.pdf (application/pdf) in CBT.V508.FILE1036.PDS, moved to docs/#APPLPGD.pdf
2025-04-08 23:17:51.257927 - Found #INSCUST.pdf (application/pdf) in CBT.V508.FILE1036.PDS, moved to docs/#INSCUST.pdf
2025-04-08 23:17:51.258650 - Found #PDSLOAD.bin (application/octet-stream) in CBT.V508.FILE1036.PDS, moved to PDS/#PDSLOAD
2025-04-08 23:17:51.259284 - Found @FIL1036.txt (text/plain) in CBT.V508.FILE1036.PDS, moved to PDS/@FIL1036
2025-04-08 23:17:51.261928 - Found ASM.txt (text/plain) in CBT.V508.FILE1036.PDS, moved to PDS/ASM
2025-04-08 23:17:51.262986 - Found CNTL.bin (application/octet-stream) in CBT.V508.FILE1036.PDS, moved to PDS/CNTL
2025-04-08 23:17:51.263734 - Found LOADLIB.xmi (application/xmit) in CBT.V508.FILE1036.PDS, moved to PDS/LOADLIB.xmi
2025-04-08 23:17:51.288274 - Received SBGOLOB.SORT360.LOADLIB from LOADLIB.xmi 
2025-04-08 23:17:51.289483 - Found IERAM1.bin (application/octet-stream) in SBGOLOB.SORT360.LOADLIB, moved to LOADLIB/IERAM1
2025-04-08 23:17:51.290197 - Found IERRCB.bin (application/octet-stream) in SBGOLOB.SORT360.LOADLIB, moved to LOADLIB/IERRCB
2025-04-08 23:17:51.290877 - Found IERRCM.bin (application/octet-stream) in SBGOLOB.SORT360.LOADLIB, moved to LOADLIB/IERRCM
2025-04-08 23:17:51.291550 - Found IERRCO00.bin (application/octet-stream) in SBGOLOB.SORT360.LOADLIB, moved to LOADLIB/IERRCO00
2025-04-08 23:17:51.292173 - Found IERRCZ.bin (application/octet-stream) in SBGOLOB.SORT360.LOADLIB, moved to LOADLIB/IERRCZ
2025-04-08 23:17:51.292515 - Found alias SORT to IERRCO00 in SBGOLOB.SORT360.LOADLIB, moved to PDS/SORT
2025-04-08 23:17:51.293501 - Found MACLIB.txt (text/plain) in CBT.V508.FILE1036.PDS, moved to PDS/MACLIB
2025-04-08 23:17:51.294288 - Found SORTLIB.xmi (application/xmit) in CBT.V508.FILE1036.PDS, moved to PDS/SORTLIB.xmi
2025-04-08 23:17:51.689565 - Received SBGOLOB.SORT360.SORTLIB from SORTLIB.xmi 
2025-04-08 23:17:51.695565 - Found IERABA.bin (application/octet-stream) in SBGOLOB.SORT360.SORTLIB, moved to SORTLIB/IERABA
2025-04-08 23:17:51.696193 - Found IERABB.bin (application/octet-stream) in SBGOLOB.SORT360.SORTLIB, moved to SORTLIB/IERABB
2025-04-08 23:17:51.696837 - Found IERABC.bin (application/octet-stream) in SBGOLOB.SORT360.SORTLIB, moved to SORTLIB/IERABC
2025-04-08 23:17:51.697452 - Found IERABE.bin (application/octet-stream) in SBGOLOB.SORT360.SORTLIB, moved to SORTLIB/IERABE
2025-04-08 23:17:51.698068 - Found IERABF.bin (application/octet-stream) in SBGOLOB.SORT360.SORTLIB, moved to SORTLIB/IERABF
2025-04-08 23:17:51.698676 - Found IERABG.bin (application/octet-stream) in SBGOLOB.SORT360.SORTLIB, moved to SORTLIB/IERABG
2025-04-08 23:17:51.699320 - Found IERABH.bin (application/octet-stream) in SBGOLOB.SORT360.SORTLIB, moved to SORTLIB/IERABH
2025-04-08 23:17:51.699931 - Found IERABI.bin (application/octet-stream) in SBGOLOB.SORT360.SORTLIB, moved to SORTLIB/IERABI
2025-04-08 23:17:51.700482 - Found IERABJ.bin (application/octet-stream) in SBGOLOB.SORT360.SORTLIB, moved to SORTLIB/IERABJ
2025-04-08 23:17:51.701056 - Found IERABK.bin (application/octet-stream) in SBGOLOB.SORT360.SORTLIB, moved to SORTLIB/IERABK
2025-04-08 23:17:51.701600 - Found IERABL.bin (application/octet-stream) in SBGOLOB.SORT360.SORTLIB, moved to SORTLIB/IERABL
2025-04-08 23:17:51.702167 - Found IERABM.bin (application/octet-stream) in SBGOLOB.SORT360.SORTLIB, moved to SORTLIB/IERABM
2025-04-08 23:17:51.702818 - Found IERABN.bin (application/octet-stream) in SBGOLOB.SORT360.SORTLIB, moved to SORTLIB/IERABN
2025-04-08 23:17:51.703441 - Found IERABO.bin (application/octet-stream) in SBGOLOB.SORT360.SORTLIB, moved to SORTLIB/IERABO
2025-04-08 23:17:51.704066 - Found IERABP.bin (application/octet-stream) in SBGOLOB.SORT360.SORTLIB, moved to SORTLIB/IERABP
2025-04-08 23:17:51.704646 - Found IERABQ.bin (application/octet-stream) in SBGOLOB.SORT360.SORTLIB, moved to SORTLIB/IERABQ
2025-04-08 23:17:51.705264 - Found IERABR.bin (application/octet-stream) in SBGOLOB.SORT360.SORTLIB, moved to SORTLIB/IERABR
2025-04-08 23:17:51.705817 - Found IERABS.bin (application/octet-stream) in SBGOLOB.SORT360.SORTLIB, moved to SORTLIB/IERABS
2025-04-08 23:17:51.706432 - Found IERABT.bin (application/octet-stream) in SBGOLOB.SORT360.SORTLIB, moved to SORTLIB/IERABT
2025-04-08 23:17:51.706990 - Found IERABU.bin (application/octet-stream) in SBGOLOB.SORT360.SORTLIB, moved to SORTLIB/IERABU
2025-04-08 23:17:51.707538 - Found IERABV.bin (application/octet-stream) in SBGOLOB.SORT360.SORTLIB, moved to SORTLIB/IERABV
2025-04-08 23:17:51.708053 - Found IERABW.bin (application/octet-stream) in SBGOLOB.SORT360.SORTLIB, moved to SORTLIB/IERABW
2025-04-08 23:17:51.708598 - Found IERABX.bin (application/octet-stream) in SBGOLOB.SORT360.SORTLIB, moved to SORTLIB/IERABX
2025-04-08 23:17:51.709227 - Found IERABY.bin (application/octet-stream) in SBGOLOB.SORT360.SORTLIB, moved to SORTLIB/IERABY
2025-04-08 23:17:51.709885 - Found IERABZ.bin (application/octet-stream) in SBGOLOB.SORT360.SORTLIB, moved to SORTLIB/IERABZ
2025-04-08 23:17:51.710466 - Found IERADB.bin (application/octet-stream) in SBGOLOB.SORT360.SORTLIB, moved to SORTLIB/IERADB
2025-04-08 23:17:51.711092 - Found IERADC.bin (application/octet-stream) in SBGOLOB.SORT360.SORTLIB, moved to SORTLIB/IERADC
2025-04-08 23:17:51.711674 - Found IERADD.bin (application/octet-stream) in SBGOLOB.SORT360.SORTLIB, moved to SORTLIB/IERADD
2025-04-08 23:17:51.712287 - Found IERADE.bin (application/octet-stream) in SBGOLOB.SORT360.SORTLIB, moved to SORTLIB/IERADE
2025-04-08 23:17:51.712916 - Found IERADG.bin (application/octet-stream) in SBGOLOB.SORT360.SORTLIB, moved to SORTLIB/IERADG
2025-04-08 23:17:51.713469 - Found IERADH.bin (application/octet-stream) in SBGOLOB.SORT360.SORTLIB, moved to SORTLIB/IERADH
2025-04-08 23:17:51.714082 - Found IERADI.bin (application/octet-stream) in SBGOLOB.SORT360.SORTLIB, moved to SORTLIB/IERADI
2025-04-08 23:17:51.714679 - Found IERADJ.bin (application/octet-stream) in SBGOLOB.SORT360.SORTLIB, moved to SORTLIB/IERADJ
2025-04-08 23:17:51.715287 - Found IERADL.bin (application/octet-stream) in SBGOLOB.SORT360.SORTLIB, moved to SORTLIB/IERADL
2025-04-08 23:17:51.715936 - Found IERADM.bin (application/octet-stream) in SBGOLOB.SORT360.SORTLIB, moved to SORTLIB/IERADM
2025-04-08 23:17:51.716498 - Found IERADP.bin (application/octet-stream) in SBGOLOB.SORT360.SORTLIB, moved to SORTLIB/IERADP
2025-04-08 23:17:51.717158 - Found IERADQ.bin (application/octet-stream) in SBGOLOB.SORT360.SORTLIB, moved to SORTLIB/IERADQ
2025-04-08 23:17:51.717773 - Found IERADR.bin (application/octet-stream) in SBGOLOB.SORT360.SORTLIB, moved to SORTLIB/IERADR
2025-04-08 23:17:51.718325 - Found IERADS.bin (application/octet-stream) in SBGOLOB.SORT360.SORTLIB, moved to SORTLIB/IERADS
2025-04-08 23:17:51.718914 - Found IERADT.bin (application/octet-stream) in SBGOLOB.SORT360.SORTLIB, moved to SORTLIB/IERADT
2025-04-08 23:17:51.719483 - Found IERADX.bin (application/octet-stream) in SBGOLOB.SORT360.SORTLIB, moved to SORTLIB/IERADX
2025-04-08 23:17:51.720115 - Found IERAGA.bin (application/octet-stream) in SBGOLOB.SORT360.SORTLIB, moved to SORTLIB/IERAGA
2025-04-08 23:17:51.720631 - Found IERAGB.bin (application/octet-stream) in SBGOLOB.SORT360.SORTLIB, moved to SORTLIB/IERAGB
2025-04-08 23:17:51.721142 - Found IERAGC.bin (application/octet-stream) in SBGOLOB.SORT360.SORTLIB, moved to SORTLIB/IERAGC
2025-04-08 23:17:51.721759 - Found IERAGD.bin (application/octet-stream) in SBGOLOB.SORT360.SORTLIB, moved to SORTLIB/IERAGD
2025-04-08 23:17:51.722409 - Found IERAGE.bin (application/octet-stream) in SBGOLOB.SORT360.SORTLIB, moved to SORTLIB/IERAGE
2025-04-08 23:17:51.723021 - Found IERAGF.bin (application/octet-stream) in SBGOLOB.SORT360.SORTLIB, moved to SORTLIB/IERAGF
2025-04-08 23:17:51.723669 - Found IERAGG.bin (application/octet-stream) in SBGOLOB.SORT360.SORTLIB, moved to SORTLIB/IERAGG
2025-04-08 23:17:51.724275 - Found IERAGH.bin (application/octet-stream) in SBGOLOB.SORT360.SORTLIB, moved to SORTLIB/IERAGH
2025-04-08 23:17:51.724960 - Found IERAGI.bin (application/octet-stream) in SBGOLOB.SORT360.SORTLIB, moved to SORTLIB/IERAGI
2025-04-08 23:17:51.725577 - Found IERAGJ.bin (application/octet-stream) in SBGOLOB.SORT360.SORTLIB, moved to SORTLIB/IERAGJ
2025-04-08 23:17:51.726265 - Found IERAGK.bin (application/octet-stream) in SBGOLOB.SORT360.SORTLIB, moved to SORTLIB/IERAGK
2025-04-08 23:17:51.726892 - Found IERAGL.bin (application/octet-stream) in SBGOLOB.SORT360.SORTLIB, moved to SORTLIB/IERAGL
2025-04-08 23:17:51.727509 - Found IERAGM.bin (application/octet-stream) in SBGOLOB.SORT360.SORTLIB, moved to SORTLIB/IERAGM
2025-04-08 23:17:51.728081 - Found IERAGN.bin (application/octet-stream) in SBGOLOB.SORT360.SORTLIB, moved to SORTLIB/IERAGN
2025-04-08 23:17:51.728680 - Found IERAMA.bin (application/octet-stream) in SBGOLOB.SORT360.SORTLIB, moved to SORTLIB/IERAMA
2025-04-08 23:17:51.729431 - Found IERAMB.bin (application/octet-stream) in SBGOLOB.SORT360.SORTLIB, moved to SORTLIB/IERAMB
2025-04-08 23:17:51.730021 - Found IERAMC.bin (application/octet-stream) in SBGOLOB.SORT360.SORTLIB, moved to SORTLIB/IERAMC
2025-04-08 23:17:51.730688 - Found IERAOA.bin (application/octet-stream) in SBGOLOB.SORT360.SORTLIB, moved to SORTLIB/IERAOA
2025-04-08 23:17:51.731298 - Found IERAOB.bin (application/octet-stream) in SBGOLOB.SORT360.SORTLIB, moved to SORTLIB/IERAOB
2025-04-08 23:17:51.731882 - Found IERAOC.bin (application/octet-stream) in SBGOLOB.SORT360.SORTLIB, moved to SORTLIB/IERAOC
2025-04-08 23:17:51.732521 - Found IERAOD.bin (application/octet-stream) in SBGOLOB.SORT360.SORTLIB, moved to SORTLIB/IERAOD
2025-04-08 23:17:51.733130 - Found IERAOE.bin (application/octet-stream) in SBGOLOB.SORT360.SORTLIB, moved to SORTLIB/IERAOE
2025-04-08 23:17:51.733734 - Found IERAOF.bin (application/octet-stream) in SBGOLOB.SORT360.SORTLIB, moved to SORTLIB/IERAOF
2025-04-08 23:17:51.734239 - Found IERAOG.bin (application/octet-stream) in SBGOLOB.SORT360.SORTLIB, moved to SORTLIB/IERAOG
2025-04-08 23:17:51.734775 - Found IERAOH.bin (application/octet-stream) in SBGOLOB.SORT360.SORTLIB, moved to SORTLIB/IERAOH
2025-04-08 23:17:51.735310 - Found IERAOI.bin (application/octet-stream) in SBGOLOB.SORT360.SORTLIB, moved to SORTLIB/IERAOI
2025-04-08 23:17:51.735850 - Found IERAOJ.bin (application/octet-stream) in SBGOLOB.SORT360.SORTLIB, moved to SORTLIB/IERAOJ
2025-04-08 23:17:51.736422 - Found IERAOK.bin (application/octet-stream) in SBGOLOB.SORT360.SORTLIB, moved to SORTLIB/IERAOK
2025-04-08 23:17:51.736969 - Found IERAON.bin (application/octet-stream) in SBGOLOB.SORT360.SORTLIB, moved to SORTLIB/IERAON
2025-04-08 23:17:51.737505 - Found IERAOP.bin (application/octet-stream) in SBGOLOB.SORT360.SORTLIB, moved to SORTLIB/IERAOP
2025-04-08 23:17:51.738157 - Found IERAOQ.bin (application/octet-stream) in SBGOLOB.SORT360.SORTLIB, moved to SORTLIB/IERAOQ
2025-04-08 23:17:51.738715 - Found IERAOR.bin (application/octet-stream) in SBGOLOB.SORT360.SORTLIB, moved to SORTLIB/IERAOR
2025-04-08 23:17:51.739259 - Found IERAOS.bin (application/octet-stream) in SBGOLOB.SORT360.SORTLIB, moved to SORTLIB/IERAOS
2025-04-08 23:17:51.739760 - Found IERAOT.bin (application/octet-stream) in SBGOLOB.SORT360.SORTLIB, moved to SORTLIB/IERAOT
2025-04-08 23:17:51.740354 - Found IERAOU.bin (application/octet-stream) in SBGOLOB.SORT360.SORTLIB, moved to SORTLIB/IERAOU
2025-04-08 23:17:51.740963 - Found IERAOV.bin (application/octet-stream) in SBGOLOB.SORT360.SORTLIB, moved to SORTLIB/IERAOV
2025-04-08 23:17:51.741558 - Found IERAOW.bin (application/octet-stream) in SBGOLOB.SORT360.SORTLIB, moved to SORTLIB/IERAOW
2025-04-08 23:17:51.742186 - Found IERAOX.bin (application/octet-stream) in SBGOLOB.SORT360.SORTLIB, moved to SORTLIB/IERAOX
2025-04-08 23:17:51.742708 - Found IERAOY.bin (application/octet-stream) in SBGOLOB.SORT360.SORTLIB, moved to SORTLIB/IERAOY
2025-04-08 23:17:51.743310 - Found IERAOZ.bin (application/octet-stream) in SBGOLOB.SORT360.SORTLIB, moved to SORTLIB/IERAOZ
2025-04-08 23:17:51.743872 - Found IERAO2.bin (application/octet-stream) in SBGOLOB.SORT360.SORTLIB, moved to SORTLIB/IERAO2
2025-04-08 23:17:51.744409 - Found IERAPA.bin (application/octet-stream) in SBGOLOB.SORT360.SORTLIB, moved to SORTLIB/IERAPA
2025-04-08 23:17:51.744976 - Found IERAPB.bin (application/octet-stream) in SBGOLOB.SORT360.SORTLIB, moved to SORTLIB/IERAPB
2025-04-08 23:17:51.745557 - Found IERAPC.bin (application/octet-stream) in SBGOLOB.SORT360.SORTLIB, moved to SORTLIB/IERAPC
2025-04-08 23:17:51.746190 - Found IERAPD.bin (application/octet-stream) in SBGOLOB.SORT360.SORTLIB, moved to SORTLIB/IERAPD
2025-04-08 23:17:51.746740 - Found IERAPE.bin (application/octet-stream) in SBGOLOB.SORT360.SORTLIB, moved to SORTLIB/IERAPE
2025-04-08 23:17:51.747337 - Found IERAPF.bin (application/octet-stream) in SBGOLOB.SORT360.SORTLIB, moved to SORTLIB/IERAPF
2025-04-08 23:17:51.747936 - Found IERAPG.bin (application/octet-stream) in SBGOLOB.SORT360.SORTLIB, moved to SORTLIB/IERAPG
2025-04-08 23:17:51.748525 - Found IERAPH.bin (application/octet-stream) in SBGOLOB.SORT360.SORTLIB, moved to SORTLIB/IERAPH
2025-04-08 23:17:51.749177 - Found IERAPI.bin (application/octet-stream) in SBGOLOB.SORT360.SORTLIB, moved to SORTLIB/IERAPI
2025-04-08 23:17:51.749725 - Found IERAPJ.bin (application/octet-stream) in SBGOLOB.SORT360.SORTLIB, moved to SORTLIB/IERAPJ
2025-04-08 23:17:51.750280 - Found IERAPK.bin (application/octet-stream) in SBGOLOB.SORT360.SORTLIB, moved to SORTLIB/IERAPK
2025-04-08 23:17:51.750893 - Found IERAPL.bin (application/octet-stream) in SBGOLOB.SORT360.SORTLIB, moved to SORTLIB/IERAPL
2025-04-08 23:17:51.751437 - Found IERAP1.bin (application/octet-stream) in SBGOLOB.SORT360.SORTLIB, moved to SORTLIB/IERAP1
2025-04-08 23:17:51.751986 - Found IERAP2.bin (application/octet-stream) in SBGOLOB.SORT360.SORTLIB, moved to SORTLIB/IERAP2
2025-04-08 23:17:51.752597 - Found IERAP3.bin (application/octet-stream) in SBGOLOB.SORT360.SORTLIB, moved to SORTLIB/IERAP3
2025-04-08 23:17:51.753161 - Found IERCHK.bin (application/octet-stream) in SBGOLOB.SORT360.SORTLIB, moved to SORTLIB/IERCHK
2025-04-08 23:17:51.753719 - Found IERDM4.bin (application/octet-stream) in SBGOLOB.SORT360.SORTLIB, moved to SORTLIB/IERDM4
2025-04-08 23:17:51.754318 - Found IERDTE.bin (application/octet-stream) in SBGOLOB.SORT360.SORTLIB, moved to SORTLIB/IERDTE
2025-04-08 23:17:51.754957 - Found IEREX1.bin (application/octet-stream) in SBGOLOB.SORT360.SORTLIB, moved to SORTLIB/IEREX1
2025-04-08 23:17:51.755561 - Found IEREX2.bin (application/octet-stream) in SBGOLOB.SORT360.SORTLIB, moved to SORTLIB/IEREX2
2025-04-08 23:17:51.756119 - Found IEREX3.bin (application/octet-stream) in SBGOLOB.SORT360.SORTLIB, moved to SORTLIB/IEREX3
2025-04-08 23:17:51.756634 - Found IERRBA.bin (application/octet-stream) in SBGOLOB.SORT360.SORTLIB, moved to SORTLIB/IERRBA
2025-04-08 23:17:51.757202 - Found IERRBB.bin (application/octet-stream) in SBGOLOB.SORT360.SORTLIB, moved to SORTLIB/IERRBB
2025-04-08 23:17:51.757784 - Found IERRBC.bin (application/octet-stream) in SBGOLOB.SORT360.SORTLIB, moved to SORTLIB/IERRBC
2025-04-08 23:17:51.758377 - Found IERRBE.bin (application/octet-stream) in SBGOLOB.SORT360.SORTLIB, moved to SORTLIB/IERRBE
2025-04-08 23:17:51.758990 - Found IERRBF.bin (application/octet-stream) in SBGOLOB.SORT360.SORTLIB, moved to SORTLIB/IERRBF
2025-04-08 23:17:51.759582 - Found IERRBG.bin (application/octet-stream) in SBGOLOB.SORT360.SORTLIB, moved to SORTLIB/IERRBG
2025-04-08 23:17:51.760193 - Found IERRBH.bin (application/octet-stream) in SBGOLOB.SORT360.SORTLIB, moved to SORTLIB/IERRBH
2025-04-08 23:17:51.760778 - Found IERRBI.bin (application/octet-stream) in SBGOLOB.SORT360.SORTLIB, moved to SORTLIB/IERRBI
2025-04-08 23:17:51.761384 - Found IERRBJ.bin (application/octet-stream) in SBGOLOB.SORT360.SORTLIB, moved to SORTLIB/IERRBJ
2025-04-08 23:17:51.761935 - Found IERRBK.bin (application/octet-stream) in SBGOLOB.SORT360.SORTLIB, moved to SORTLIB/IERRBK
2025-04-08 23:17:51.762508 - Found IERRBL.bin (application/octet-stream) in SBGOLOB.SORT360.SORTLIB, moved to SORTLIB/IERRBL
2025-04-08 23:17:51.763125 - Found IERRBM.bin (application/octet-stream) in SBGOLOB.SORT360.SORTLIB, moved to SORTLIB/IERRBM
2025-04-08 23:17:51.763669 - Found IERRBN.bin (application/octet-stream) in SBGOLOB.SORT360.SORTLIB, moved to SORTLIB/IERRBN
2025-04-08 23:17:51.764198 - Found IERRBO.bin (application/octet-stream) in SBGOLOB.SORT360.SORTLIB, moved to SORTLIB/IERRBO
2025-04-08 23:17:51.764745 - Found IERRBP.bin (application/octet-stream) in SBGOLOB.SORT360.SORTLIB, moved to SORTLIB/IERRBP
2025-04-08 23:17:51.765331 - Found IERRBT.bin (application/octet-stream) in SBGOLOB.SORT360.SORTLIB, moved to SORTLIB/IERRBT
2025-04-08 23:17:51.765843 - Found IERRBU.bin (application/octet-stream) in SBGOLOB.SORT360.SORTLIB, moved to SORTLIB/IERRBU
2025-04-08 23:17:51.766345 - Found IERRBV.bin (application/octet-stream) in SBGOLOB.SORT360.SORTLIB, moved to SORTLIB/IERRBV
2025-04-08 23:17:51.766921 - Found IERRBW.bin (application/octet-stream) in SBGOLOB.SORT360.SORTLIB, moved to SORTLIB/IERRBW
2025-04-08 23:17:51.767487 - Found IERRBX.bin (application/octet-stream) in SBGOLOB.SORT360.SORTLIB, moved to SORTLIB/IERRBX
2025-04-08 23:17:51.767983 - Found IERRBY.bin (application/octet-stream) in SBGOLOB.SORT360.SORTLIB, moved to SORTLIB/IERRBY
2025-04-08 23:17:51.768614 - Found IERRBZ.bin (application/octet-stream) in SBGOLOB.SORT360.SORTLIB, moved to SORTLIB/IERRBZ
2025-04-08 23:17:51.769267 - Found IERRCT.bin (application/octet-stream) in SBGOLOB.SORT360.SORTLIB, moved to SORTLIB/IERRCT
2025-04-08 23:17:51.769878 - Found IERRCV.bin (application/octet-stream) in SBGOLOB.SORT360.SORTLIB, moved to SORTLIB/IERRCV
2025-04-08 23:17:51.770511 - Found IERRC6.bin (application/octet-stream) in SBGOLOB.SORT360.SORTLIB, moved to SORTLIB/IERRC6
2025-04-08 23:17:51.771084 - Found IERRC7.bin (application/octet-stream) in SBGOLOB.SORT360.SORTLIB, moved to SORTLIB/IERRC7
2025-04-08 23:17:51.771685 - Found IERRC8.bin (application/octet-stream) in SBGOLOB.SORT360.SORTLIB, moved to SORTLIB/IERRC8
2025-04-08 23:17:51.772348 - Found IERRC9.bin (application/octet-stream) in SBGOLOB.SORT360.SORTLIB, moved to SORTLIB/IERRC9
2025-04-08 23:17:51.772874 - Found IERRDB.bin (application/octet-stream) in SBGOLOB.SORT360.SORTLIB, moved to SORTLIB/IERRDB
2025-04-08 23:17:51.773488 - Found IERRDC.bin (application/octet-stream) in SBGOLOB.SORT360.SORTLIB, moved to SORTLIB/IERRDC
2025-04-08 23:17:51.774048 - Found IERRDD.bin (application/octet-stream) in SBGOLOB.SORT360.SORTLIB, moved to SORTLIB/IERRDD
2025-04-08 23:17:51.774604 - Found IERRDE.bin (application/octet-stream) in SBGOLOB.SORT360.SORTLIB, moved to SORTLIB/IERRDE
2025-04-08 23:17:51.775147 - Found IERRDG.bin (application/octet-stream) in SBGOLOB.SORT360.SORTLIB, moved to SORTLIB/IERRDG
2025-04-08 23:17:51.775704 - Found IERRDH.bin (application/octet-stream) in SBGOLOB.SORT360.SORTLIB, moved to SORTLIB/IERRDH
2025-04-08 23:17:51.776316 - Found IERRDI.bin (application/octet-stream) in SBGOLOB.SORT360.SORTLIB, moved to SORTLIB/IERRDI
2025-04-08 23:17:51.776974 - Found IERRDJ.bin (application/octet-stream) in SBGOLOB.SORT360.SORTLIB, moved to SORTLIB/IERRDJ
2025-04-08 23:17:51.777580 - Found IERRDL.bin (application/octet-stream) in SBGOLOB.SORT360.SORTLIB, moved to SORTLIB/IERRDL
2025-04-08 23:17:51.778154 - Found IERRDP.bin (application/octet-stream) in SBGOLOB.SORT360.SORTLIB, moved to SORTLIB/IERRDP
2025-04-08 23:17:51.778752 - Found IERRDQ.bin (application/octet-stream) in SBGOLOB.SORT360.SORTLIB, moved to SORTLIB/IERRDQ
2025-04-08 23:17:51.779286 - Found IERRDR.bin (application/octet-stream) in SBGOLOB.SORT360.SORTLIB, moved to SORTLIB/IERRDR
2025-04-08 23:17:51.779866 - Found IERRDS.bin (application/octet-stream) in SBGOLOB.SORT360.SORTLIB, moved to SORTLIB/IERRDS
2025-04-08 23:17:51.780448 - Found IERRDT.bin (application/octet-stream) in SBGOLOB.SORT360.SORTLIB, moved to SORTLIB/IERRDT
2025-04-08 23:17:51.781169 - Found IERRDX.bin (application/octet-stream) in SBGOLOB.SORT360.SORTLIB, moved to SORTLIB/IERRDX
2025-04-08 23:17:51.781781 - Found IERRGA.bin (application/octet-stream) in SBGOLOB.SORT360.SORTLIB, moved to SORTLIB/IERRGA
2025-04-08 23:17:51.782405 - Found IERRGB.bin (application/octet-stream) in SBGOLOB.SORT360.SORTLIB, moved to SORTLIB/IERRGB
2025-04-08 23:17:51.783013 - Found IERRGC.bin (application/octet-stream) in SBGOLOB.SORT360.SORTLIB, moved to SORTLIB/IERRGC
2025-04-08 23:17:51.783601 - Found IERRGD.bin (application/octet-stream) in SBGOLOB.SORT360.SORTLIB, moved to SORTLIB/IERRGD
2025-04-08 23:17:51.784257 - Found IERRGE.bin (application/octet-stream) in SBGOLOB.SORT360.SORTLIB, moved to SORTLIB/IERRGE
2025-04-08 23:17:51.784914 - Found IERRGF.bin (application/octet-stream) in SBGOLOB.SORT360.SORTLIB, moved to SORTLIB/IERRGF
2025-04-08 23:17:51.785507 - Found IERRGL.bin (application/octet-stream) in SBGOLOB.SORT360.SORTLIB, moved to SORTLIB/IERRGL
2025-04-08 23:17:51.786111 - Found IERRGM.bin (application/octet-stream) in SBGOLOB.SORT360.SORTLIB, moved to SORTLIB/IERRGM
2025-04-08 23:17:51.786660 - Found IERRMA.bin (application/octet-stream) in SBGOLOB.SORT360.SORTLIB, moved to SORTLIB/IERRMA
2025-04-08 23:17:51.787316 - Found IERRMB.bin (application/octet-stream) in SBGOLOB.SORT360.SORTLIB, moved to SORTLIB/IERRMB
2025-04-08 23:17:51.787868 - Found IERRMC.bin (application/octet-stream) in SBGOLOB.SORT360.SORTLIB, moved to SORTLIB/IERRMC
2025-04-08 23:17:51.788369 - Found IERROA.bin (application/octet-stream) in SBGOLOB.SORT360.SORTLIB, moved to SORTLIB/IERROA
2025-04-08 23:17:51.788977 - Found IERROB.bin (application/octet-stream) in SBGOLOB.SORT360.SORTLIB, moved to SORTLIB/IERROB
2025-04-08 23:17:51.789513 - Found IERROC.bin (application/octet-stream) in SBGOLOB.SORT360.SORTLIB, moved to SORTLIB/IERROC
2025-04-08 23:17:51.790105 - Found IERROD.bin (application/octet-stream) in SBGOLOB.SORT360.SORTLIB, moved to SORTLIB/IERROD
2025-04-08 23:17:51.790682 - Found IERROE.bin (application/octet-stream) in SBGOLOB.SORT360.SORTLIB, moved to SORTLIB/IERROE
2025-04-08 23:17:51.791314 - Found IERROF.bin (application/octet-stream) in SBGOLOB.SORT360.SORTLIB, moved to SORTLIB/IERROF
2025-04-08 23:17:51.791835 - Found IERROG.bin (application/octet-stream) in SBGOLOB.SORT360.SORTLIB, moved to SORTLIB/IERROG
2025-04-08 23:17:51.792429 - Found IERROH.bin (application/octet-stream) in SBGOLOB.SORT360.SORTLIB, moved to SORTLIB/IERROH
2025-04-08 23:17:51.793035 - Found IERROI.bin (application/octet-stream) in SBGOLOB.SORT360.SORTLIB, moved to SORTLIB/IERROI
2025-04-08 23:17:51.793632 - Found IERROJ.bin (application/octet-stream) in SBGOLOB.SORT360.SORTLIB, moved to SORTLIB/IERROJ
2025-04-08 23:17:51.794275 - Found IERROK.bin (application/octet-stream) in SBGOLOB.SORT360.SORTLIB, moved to SORTLIB/IERROK
2025-04-08 23:17:51.794832 - Found IERRON.bin (application/octet-stream) in SBGOLOB.SORT360.SORTLIB, moved to SORTLIB/IERRON
2025-04-08 23:17:51.795331 - Found IERROP.bin (application/octet-stream) in SBGOLOB.SORT360.SORTLIB, moved to SORTLIB/IERROP
2025-04-08 23:17:51.795824 - Found IERROQ.bin (application/octet-stream) in SBGOLOB.SORT360.SORTLIB, moved to SORTLIB/IERROQ
2025-04-08 23:17:51.796416 - Found IERROR.bin (application/octet-stream) in SBGOLOB.SORT360.SORTLIB, moved to SORTLIB/IERROR
2025-04-08 23:17:51.797028 - Found IERROS.bin (application/octet-stream) in SBGOLOB.SORT360.SORTLIB, moved to SORTLIB/IERROS
2025-04-08 23:17:51.797609 - Found IERROT.bin (application/octet-stream) in SBGOLOB.SORT360.SORTLIB, moved to SORTLIB/IERROT
2025-04-08 23:17:51.798153 - Found IERROU.bin (application/octet-stream) in SBGOLOB.SORT360.SORTLIB, moved to SORTLIB/IERROU
2025-04-08 23:17:51.798689 - Found IERROV.bin (application/octet-stream) in SBGOLOB.SORT360.SORTLIB, moved to SORTLIB/IERROV
2025-04-08 23:17:51.799378 - Found IERROW.bin (application/octet-stream) in SBGOLOB.SORT360.SORTLIB, moved to SORTLIB/IERROW
2025-04-08 23:17:51.800024 - Found IERROX.bin (application/octet-stream) in SBGOLOB.SORT360.SORTLIB, moved to SORTLIB/IERROX
2025-04-08 23:17:51.800698 - Found IERROY.bin (application/octet-stream) in SBGOLOB.SORT360.SORTLIB, moved to SORTLIB/IERROY
2025-04-08 23:17:51.801254 - Found IERROZ.bin (application/octet-stream) in SBGOLOB.SORT360.SORTLIB, moved to SORTLIB/IERROZ
2025-04-08 23:17:51.801788 - Found IERRPA.bin (application/octet-stream) in SBGOLOB.SORT360.SORTLIB, moved to SORTLIB/IERRPA
2025-04-08 23:17:51.802400 - Found IERRPB.bin (application/octet-stream) in SBGOLOB.SORT360.SORTLIB, moved to SORTLIB/IERRPB
2025-04-08 23:17:51.802973 - Found IERRPC.bin (application/octet-stream) in SBGOLOB.SORT360.SORTLIB, moved to SORTLIB/IERRPC
2025-04-08 23:17:51.803516 - Found IERRPD.bin (application/octet-stream) in SBGOLOB.SORT360.SORTLIB, moved to SORTLIB/IERRPD
2025-04-08 23:17:51.804086 - Found IERRPE.bin (application/octet-stream) in SBGOLOB.SORT360.SORTLIB, moved to SORTLIB/IERRPE
2025-04-08 23:17:51.804640 - Found IERRPF.bin (application/octet-stream) in SBGOLOB.SORT360.SORTLIB, moved to SORTLIB/IERRPF
2025-04-08 23:17:51.805139 - Found IERRPG.bin (application/octet-stream) in SBGOLOB.SORT360.SORTLIB, moved to SORTLIB/IERRPG
2025-04-08 23:17:51.805902 - Found IERRPM.bin (application/octet-stream) in SBGOLOB.SORT360.SORTLIB, moved to SORTLIB/IERRPM
2025-04-08 23:17:51.806519 - Found IER8BN.bin (application/octet-stream) in SBGOLOB.SORT360.SORTLIB, moved to SORTLIB/IER8BN
2025-04-08 23:17:51.807090 - Found IER8BO.bin (application/octet-stream) in SBGOLOB.SORT360.SORTLIB, moved to SORTLIB/IER8BO
2025-04-08 23:17:51.807741 - Found IER8DJ.bin (application/octet-stream) in SBGOLOB.SORT360.SORTLIB, moved to SORTLIB/IER8DJ
2025-04-08 23:17:51.808352 - Found IER8GB.bin (application/octet-stream) in SBGOLOB.SORT360.SORTLIB, moved to SORTLIB/IER8GB
2025-04-08 23:17:51.808901 - Found IER8GC.bin (application/octet-stream) in SBGOLOB.SORT360.SORTLIB, moved to SORTLIB/IER8GC
2025-04-08 23:17:51.809478 - Found IER8ON.bin (application/octet-stream) in SBGOLOB.SORT360.SORTLIB, moved to SORTLIB/IER8ON
2025-04-08 23:17:51.810064 - Found IER8PA.bin (application/octet-stream) in SBGOLOB.SORT360.SORTLIB, moved to SORTLIB/IER8PA
2025-04-08 23:17:51.810708 - Found IER8PM.bin (application/octet-stream) in SBGOLOB.SORT360.SORTLIB, moved to SORTLIB/IER8PM
2025-04-08 23:17:51.811226 - Found IER9BN.bin (application/octet-stream) in SBGOLOB.SORT360.SORTLIB, moved to SORTLIB/IER9BN
2025-04-08 23:17:51.811826 - Found IER9BO.bin (application/octet-stream) in SBGOLOB.SORT360.SORTLIB, moved to SORTLIB/IER9BO
2025-04-08 23:17:51.812423 - Found IER9DJ.bin (application/octet-stream) in SBGOLOB.SORT360.SORTLIB, moved to SORTLIB/IER9DJ
2025-04-08 23:17:51.813018 - Found IER9GB.bin (application/octet-stream) in SBGOLOB.SORT360.SORTLIB, moved to SORTLIB/IER9GB
2025-04-08 23:17:51.813536 - Found IER9GC.bin (application/octet-stream) in SBGOLOB.SORT360.SORTLIB, moved to SORTLIB/IER9GC
2025-04-08 23:17:51.814175 - Found IER9GN.bin (application/octet-stream) in SBGOLOB.SORT360.SORTLIB, moved to SORTLIB/IER9GN
2025-04-08 23:17:51.814784 - Found IER9ON.bin (application/octet-stream) in SBGOLOB.SORT360.SORTLIB, moved to SORTLIB/IER9ON
2025-04-08 23:17:51.815431 - Found IER9PA.bin (application/octet-stream) in SBGOLOB.SORT360.SORTLIB, moved to SORTLIB/IER9PA
